[uDD::Log][2022-06-23 05:04:22] Start
[uDD::Log][2022-06-23 05:04:22] OS Version    : 10.0
[uDD::Log][2022-06-23 05:04:22] Build Number  : 19044
[uDD::Log][2022-06-23 05:04:22] Service Pack  : 
[uDD::Log][2022-06-23 05:04:22] Graphics Card [0] : NVIDIA GeForce RTX 3090
[uDD::Log][2022-06-23 05:04:22]   > Monitor[0] : \\.\DISPLAY1
[uDD::Log][2022-06-23 05:04:22]   > Monitor[1] : \\.\DISPLAY2
[uDD::Log][2022-06-23 05:04:22] Graphics Card [1] : Microsoft Basic Render Driver
[uDD::Log][2022-06-23 05:04:22] Monitor::Initialized() =>
[uDD::Log][2022-06-23 05:04:22]     ID    : 0
[uDD::Log][2022-06-23 05:04:22]     Size  : (2560, 1440)
[uDD::Log][2022-06-23 05:04:22]     DPI   : (108, 108)
[uDD::Log][2022-06-23 05:04:22]     Rot   : Landscape
[uDD::Log][2022-06-23 05:04:22] Duplicator::Initialize() => OK.
[uDD::Log][2022-06-23 05:04:22] Monitor::Initialized() =>
[uDD::Log][2022-06-23 05:04:22]     ID    : 1
[uDD::Log][2022-06-23 05:04:22]     Size  : (3840, 2160)
[uDD::Log][2022-06-23 05:04:22]     DPI   : (162, 161)
[uDD::Log][2022-06-23 05:04:22]     Rot   : Landscape
[uDD::Log][2022-06-23 05:04:22] Duplicator::Initialize() => OK.
[uDD::Log][2022-06-23 05:04:45] Stop
